\BOOKMARK [0][-]{chapter.1}{\376\377\000I\000n\000t\000r\000o\000d\000u\000c\000t\000i\000o\000n}{}% 1
\BOOKMARK [0][-]{chapter.2}{\376\377\000M\000e\000t\000t\000e\000z\000\040\000e\000n\000\040\000p\000l\000a\000c\000e\000\040\000u\000n\000e\000\040\000A\000P\000I\000\040\000s\000i\000m\000p\000l\000e}{}% 2
\BOOKMARK [1][-]{section.2.1}{\376\377\000D\000\351\000c\000o\000u\000v\000r\000e\000z\000\040\000D\000j\000a\000n\000g\000o\000\040\000R\000E\000S\000T\000\040\000F\000r\000a\000m\000e\000w\000o\000r\000k}{chapter.2}% 3
\BOOKMARK [2][-]{subsection.2.1.1}{\376\377\000D\000\351\000c\000o\000u\000v\000r\000e\000z\000\040\000p\000o\000u\000r\000q\000u\000o\000i\000\040\000u\000t\000i\000l\000i\000s\000e\000r\000\040\000u\000n\000e\000\040\000A\000P\000I}{section.2.1}% 4
\BOOKMARK [2][-]{subsection.2.1.2}{\376\377\000D\000\351\000c\000o\000u\000v\000r\000e\000z\000\040\000l\000e\000\040\000c\000a\000s\000\040\000c\000o\000n\000c\000r\000e\000t\000\040\000d\000u\000\040\000c\000o\000u\000r\000s}{section.2.1}% 5
\BOOKMARK [2][-]{subsection.2.1.3}{\376\377\000I\000n\000s\000t\000a\000l\000l\000e\000z\000\040\000e\000t\000\040\000c\000o\000n\000f\000i\000g\000u\000r\000e\000z\000\040\000m\000o\000n\000O\000r\000a\000n\000g\000e\000D\000R\000F}{section.2.1}% 6
\BOOKMARK [1][-]{section.2.2}{\376\377\000G\000\351\000r\000e\000z\000\040\000d\000e\000s\000\040\000d\000o\000n\000n\000\351\000e\000s\000\040\000a\000v\000e\000c\000\040\000u\000n\000\040\000e\000n\000d\000p\000o\000i\000n\000t}{chapter.2}% 7
\BOOKMARK [2][-]{subsection.2.2.1}{\376\377\000C\000r\000\351\000e\000z\000\040\000u\000n\000\040\000p\000r\000e\000m\000i\000e\000r\000\040\000e\000n\000d\000p\000o\000i\000n\000t}{section.2.2}% 8
\BOOKMARK [2][-]{subsection.2.2.2}{\376\377\000D\000\351\000c\000o\000u\000v\000r\000e\000z\000\040\000l\000e\000s\000\040\000m\000\351\000t\000h\000o\000d\000e\000s\000\040\000d\040\031\000u\000n\000\040\000m\000o\000n\000O\000r\000a\000n\000g\000e\000e\000n\000d\000p\000o\000i\000n\000t}{section.2.2}% 9
\BOOKMARK [1][-]{section.2.3}{\376\377\000R\000e\000n\000d\000e\000z\000\040\000l\000e\000s\000\040\000V\000i\000e\000w\000s\000\040\000p\000l\000u\000s\000\040\000g\000\351\000n\000\351\000r\000i\000q\000u\000e\000s\000\040\000a\000v\000e\000c\000\040\000u\000n\000\040\000M\000o\000d\000e\000l\000V\000i\000e\000w\000s\000e\000t}{chapter.2}% 10
\BOOKMARK [1][-]{section.2.4}{\376\377\000M\000e\000t\000t\000e\000z\000\040\000e\000n\000\040\000p\000l\000a\000c\000e\000\040\000u\000n\000\040\000m\000o\000n\000O\000r\000a\000n\000g\000e\000r\000o\000u\000t\000e\000r}{chapter.2}% 11
\BOOKMARK [2][-]{subsection.2.4.1}{\376\377\000T\000r\000a\000n\000s\000f\000o\000r\000m\000e\000z\000\040\000u\000n\000e\000\040\000A\000p\000i\000V\000i\000e\000w\000\040\000e\000n\000\040\000M\000o\000d\000e\000l\000V\000i\000e\000w\000s\000e\000t}{section.2.4}% 12
\BOOKMARK [2][-]{subsection.2.4.2}{\376\377\000N\000e\000\040\000p\000e\000r\000m\000e\000t\000t\000e\000z\000\040\000q\000u\000e\000\040\000l\000a\000\040\000l\000e\000c\000t\000u\000r\000e}{section.2.4}% 13
\BOOKMARK [1][-]{section.2.5}{\376\377\000F\000i\000l\000t\000r\000e\000z\000\040\000l\000e\000s\000\040\000r\000\351\000s\000u\000l\000t\000a\000t\000s\000\040\000d\040\031\000u\000n\000\040\000e\000n\000d\000p\000o\000i\000n\000t}{chapter.2}% 14
\BOOKMARK [2][-]{subsection.2.5.1}{\376\377\000A\000p\000p\000l\000i\000q\000u\000e\000z\000\040\000u\000n\000\040\000f\000i\000l\000t\000r\000e\000\040\000s\000u\000r\000\040\000l\000e\000s\000\040\000d\000o\000n\000n\000\351\000e\000s\000\040\000r\000e\000t\000o\000u\000r\000n\000\351\000e\000s}{section.2.5}% 15
\BOOKMARK [1][-]{section.2.6}{\376\377\000\311\000c\000r\000i\000v\000e\000z\000\040\000d\000e\000s\000\040\000t\000e\000s\000t\000s\000\040\000p\000o\000u\000r\000\040\000v\000o\000t\000r\000e\000\040\000A\000P\000I}{chapter.2}% 16
\BOOKMARK [2][-]{subsection.2.6.1}{\376\377\000D\000\351\000c\000o\000u\000v\000r\000e\000z\000\040\000l\000e\000\040\000T\000e\000s\000t\000C\000a\000s\000e\000\040\000d\000e\000\040\000D\000R\000F}{section.2.6}% 17
\BOOKMARK [2][-]{subsection.2.6.2}{\376\377\000\311\000c\000r\000i\000v\000e\000z\000\040\000d\000e\000s\000\040\000t\000e\000s\000t\000s\000\040\000a\000v\000e\000c\000\040\000A\000P\000I\000T\000e\000s\000t\000C\000a\000s\000e}{section.2.6}% 18
\BOOKMARK [0][-]{chapter.3}{\376\377\000R\000e\000n\000d\000e\000z\000\040\000v\000o\000s\000\040\000e\000n\000d\000p\000o\000i\000n\000t\000s\000\040\000p\000l\000u\000s\000\040\000p\000e\000r\000f\000o\000r\000m\000a\000n\000t\000s}{}% 19
\BOOKMARK [1][-]{section.3.1}{\376\377\000M\000i\000n\000i\000m\000i\000s\000e\000z\000\040\000l\000e\000s\000\040\000a\000p\000p\000e\000l\000s\000\040\000d\000e\000\040\000v\000o\000t\000r\000e\000\040\000A\000P\000I\000\040\000g\000r\000\342\000c\000e\000\040\000a\000u\000x\000\040\000s\000e\000r\000i\000a\000l\000i\000z\000e\000r\000s}{chapter.3}% 20
\BOOKMARK [2][-]{subsection.3.1.1}{\376\377\000R\000e\000t\000o\000u\000r\000n\000e\000z\000\040\000p\000l\000u\000s\000\040\000d\000'\000i\000n\000f\000o\000r\000m\000a\000t\000i\000o\000n\000s}{section.3.1}% 21
\BOOKMARK [2][-]{subsection.3.1.2}{\376\377\000I\000m\000b\000r\000i\000q\000u\000e\000z\000\040\000l\000e\000s\000\040\000s\000e\000r\000i\000a\000l\000i\000z\000e\000r\000s}{section.3.1}% 22
\BOOKMARK [2][-]{subsection.3.1.3}{\376\377\000A\000j\000o\000u\000t\000e\000z\000\040\000d\000e\000\040\000l\000a\000\040\000p\000a\000g\000i\000n\000a\000t\000i\000o\000n}{section.3.1}% 23
\BOOKMARK [1][-]{section.3.2}{\376\377\000D\000i\000f\000f\000\351\000r\000e\000n\000c\000i\000e\000z\000\040\000l\000e\000s\000\040\000i\000n\000f\000o\000r\000m\000a\000t\000i\000o\000n\000s\000\040\000d\000e\000\040\000l\000i\000s\000t\000e\000\040\000e\000t\000\040\000d\000e\000\040\000d\000\351\000t\000a\000i\000l}{chapter.3}% 24
\BOOKMARK [2][-]{subsection.3.2.1}{\376\377\000R\000e\000t\000o\000u\000r\000n\000e\000z\000\040\000p\000l\000u\000s\000\040\000d\040\031\000i\000n\000f\000o\000r\000m\000a\000t\000i\000o\000n\000s\000\040\000d\000a\000n\000s\000\040\000l\000e\000\040\000d\000\351\000t\000a\000i\000l}{section.3.2}% 25
\BOOKMARK [2][-]{subsection.3.2.2}{\376\377\000A\000m\000\351\000l\000i\000o\000r\000e\000z\000\040\000l\000e\000\040\000r\000e\000n\000d\000u\000\040\000d\000u\000\040\000d\000\351\000t\000a\000i\000l\000\040\000d\040\031\000u\000n\000\040\000e\000n\000d\000p\000o\000i\000n\000t}{section.3.2}% 26
\BOOKMARK [1][-]{section.3.3}{\376\377\000A\000j\000o\000u\000t\000e\000z\000\040\000d\000e\000\040\000l\040\031\000i\000n\000t\000e\000r\000a\000c\000t\000i\000o\000n\000\040\000a\000v\000e\000c\000\040\000l\000e\000s\000\040\000a\000c\000t\000i\000o\000n\000s}{chapter.3}% 27
\BOOKMARK [2][-]{subsection.3.3.1}{\376\377\000N\000e\000\040\000s\000o\000y\000e\000z\000\040\000p\000a\000s\000\040\000t\000r\000o\000p\000\040\000a\000c\000t\000i\000f\000\040\000!}{section.3.3}% 28
\BOOKMARK [2][-]{subsection.3.3.2}{\376\377\000S\000o\000y\000e\000z\000\040\000a\000c\000t\000i\000f\000\040\000q\000u\000a\000n\000d\000\040\000m\000\352\000m\000e\000\040\000!}{section.3.3}% 29
\BOOKMARK [1][-]{section.3.4}{\376\377\000V\000a\000l\000i\000d\000e\000z\000\040\000l\000e\000s\000\040\000d\000o\000n\000n\000\351\000e\000s}{chapter.3}% 30
\BOOKMARK [2][-]{subsection.3.4.1}{\376\377\000N\000e\000\040\000p\000e\000r\000m\000e\000t\000t\000e\000z\000\040\000p\000a\000s\000\040\000l\000a\000\040\000c\000r\000\351\000a\000t\000i\000o\000n\000\040\000d\000e\000\040\000t\000o\000u\000t\000\040\000e\000t\000\040\000n\040\031\000i\000m\000p\000o\000r\000t\000e\000\040\000q\000u\000o\000i}{section.3.4}% 31
\BOOKMARK [2][-]{subsection.3.4.2}{\376\377\000V\000a\000l\000i\000d\000e\000z\000\040\000l\000e\000s\000\040\000d\000o\000n\000n\000\351\000e\000s\000\040\000d\040\031\000u\000n\000\040\000c\000h\000a\000m\000p}{section.3.4}% 32
\BOOKMARK [2][-]{subsection.3.4.3}{\376\377\000M\000e\000t\000t\000e\000z\000\040\000e\000n\000\040\000p\000l\000a\000c\000e\000\040\000u\000n\000e\000\040\000v\000a\000l\000i\000d\000a\000t\000i\000o\000n\000\040\000m\000u\000l\000t\000i\000p\000l\000e}{section.3.4}% 33
\BOOKMARK [0][-]{chapter.4}{\376\377\000S\000\351\000c\000u\000r\000i\000s\000e\000z\000\040\000v\000o\000t\000r\000e\000\040\000A\000P\000I\000\040\000a\000v\000e\000c\000\040\000l\040\031\000a\000u\000t\000h\000e\000n\000t\000i\000f\000i\000c\000a\000t\000i\000o\000n}{}% 34
\BOOKMARK [1][-]{section.4.1}{\376\377\000A\000j\000o\000u\000t\000e\000z\000\040\000l\040\031\000a\000u\000t\000h\000e\000n\000t\000i\000f\000i\000c\000a\000t\000i\000o\000n\000\040\000d\000e\000s\000\040\000u\000t\000i\000l\000i\000s\000a\000t\000e\000u\000r\000s}{chapter.4}% 35
\BOOKMARK [2][-]{subsection.4.1.1}{\376\377\000D\000\351\000c\000o\000u\000v\000r\000e\000z\000\040\000J\000S\000O\000N\000\040\000W\000e\000b\000\040\000T\000o\000k\000e\000n}{section.4.1}% 36
\BOOKMARK [2][-]{subsection.4.1.2}{\376\377\000I\000n\000s\000t\000a\000l\000l\000e\000z\000\040\000e\000t\000\040\000c\000o\000n\000f\000i\000g\000u\000r\000e\000z\000\040\000d\000j\000a\000n\000g\000o\000r\000e\000s\000t\000f\000r\000a\000m\000e\000w\000o\000r\000k\000-\000s\000i\000m\000p\000l\000e\000-\000j\000w\000t}{section.4.1}% 37
\BOOKMARK [1][-]{section.4.2}{\376\377\000D\000o\000n\000n\000e\000z\000\040\000d\000e\000s\000\040\000a\000c\000c\000\350\000s\000\040\000a\000v\000e\000c\000\040\000l\000e\000s\000\040\000t\000o\000k\000e\000n\000s}{chapter.4}% 38
\BOOKMARK [2][-]{subsection.4.2.1}{\376\377\000D\000\351\000c\000o\000u\000v\000r\000e\000z\000\040\000l\000e\000\040\000f\000o\000n\000c\000t\000i\000o\000n\000n\000e\000m\000e\000n\000t\000\040\000d\000e\000\040\000l\040\031\000\351\000c\000h\000a\000n\000g\000e\000\040\000d\000e\000\040\000t\000o\000k\000e\000n\000s}{section.4.2}% 39
\BOOKMARK [2][-]{subsection.4.2.2}{\376\377\000O\000b\000t\000e\000n\000e\000z\000\040\000d\000e\000s\000\040\000t\000o\000k\000e\000n\000s}{section.4.2}% 40
\BOOKMARK [2][-]{subsection.4.2.3}{\376\377\000R\000a\000f\000r\000a\000\356\000c\000h\000i\000s\000s\000e\000z\000\040\000d\000e\000s\000\040\000t\000o\000k\000e\000n\000s}{section.4.2}% 41
\BOOKMARK [1][-]{section.4.3}{\376\377\000R\000e\000s\000t\000r\000e\000i\000g\000n\000e\000z\000\040\000l\000'\000a\000c\000c\000\350\000s\000\040\000\340\000\040\000c\000e\000r\000t\000a\000i\000n\000s\000\040\000e\000n\000d\000p\000o\000i\000n\000t\000s}{chapter.4}% 42
\BOOKMARK [2][-]{subsection.4.3.1}{\376\377\000L\000i\000m\000i\000t\000e\000z\000\040\000l\040\031\000a\000c\000c\000\350\000s\000\040\000a\000u\000x\000\040\000u\000t\000i\000l\000i\000s\000a\000t\000e\000u\000r\000s\000\040\000a\000u\000t\000h\000e\000n\000t\000i\000f\000i\000\351\000s}{section.4.3}% 43
\BOOKMARK [2][-]{subsection.4.3.2}{\376\377\000C\000r\000\351\000e\000z\000\040\000d\000e\000s\000\040\000p\000e\000r\000m\000i\000s\000s\000i\000o\000n\000s\000\040\000p\000l\000u\000s\000\040\000f\000i\000n\000e\000s}{section.4.3}% 44
